2020-01-26 12:00:42,993 [main] INFO SDET - ********Lunching Browser********
2020-01-26 12:00:43,017 [main] INFO SDET - ********Opening URL********
2020-01-26 12:00:45,671 [main] INFO SDET - ********Providing Login Details********
2020-01-26 12:00:45,894 [main] INFO SDET - ********Started Login********
2020-01-26 12:00:51,085 [main] INFO SDET - ********Dashboard********
2020-01-26 12:00:59,449 [main] INFO SDET - ********Adding new Customer********
2020-01-26 12:01:06,660 [main] INFO SDET - ********Adding new Customer********
2020-01-26 12:01:09,678 [main] INFO SDET - ********Providing new Customer details********
2020-01-26 12:01:19,787 [main] INFO SDET - ********Saving new Customer********
2020-01-26 12:01:24,806 [main] INFO SDET - ********Close the Browser********
2020-01-26 12:01:27,123 [main] INFO SDET - ********Lunching Browser********
2020-01-26 12:01:27,126 [main] INFO SDET - ********Opening URL********
2020-01-26 12:01:29,352 [main] INFO SDET - ********Providing Login Details********
2020-01-26 12:01:29,571 [main] INFO SDET - ********Started Login********
2020-01-26 12:01:33,858 [main] INFO SDET - ********Dashboard********
2020-01-26 12:01:41,047 [main] INFO SDET - ********Entering Customer email********
2020-01-26 12:01:47,496 [main] INFO SDET - ********Close the Browser********
2020-01-26 12:01:49,799 [main] INFO SDET - ********Lunching Browser********
2020-01-26 12:01:49,804 [main] INFO SDET - ********Opening URL********
2020-01-26 12:01:51,403 [main] INFO SDET - ********Providing Login Details********
2020-01-26 12:01:51,619 [main] INFO SDET - ********Started Login********
2020-01-26 12:01:55,743 [main] INFO SDET - ********Dashboard********
2020-01-26 12:02:02,892 [main] INFO SDET - ********Entering new Customer first Name********
2020-01-26 12:02:03,011 [main] INFO SDET - ********Entering new Customer last Name********
2020-01-26 12:02:06,480 [main] INFO SDET - ********Close the Browser********
2020-01-26 12:02:08,806 [main] INFO SDET - ********Lunching Browser********
2020-01-26 12:02:08,810 [main] INFO SDET - ********Opening URL********
2020-01-26 12:02:11,269 [main] INFO SDET - ********Providing Login Details********
2020-01-26 12:02:11,487 [main] INFO SDET - ********Started Login********
2020-01-26 12:02:17,252 [main] INFO SDET - ********Login Passed********
2020-01-26 12:02:17,253 [main] INFO SDET - ********Click on LogOut********
2020-01-26 12:02:22,512 [main] INFO SDET - ********Login Passed********
2020-01-26 12:02:22,512 [main] INFO SDET - ********Close the Browser********
2020-01-26 12:02:24,868 [main] INFO SDET - ********Lunching Browser********
2020-01-26 12:02:24,872 [main] INFO SDET - ********Opening URL********
2020-01-26 12:02:27,046 [main] INFO SDET - ********Providing Login Details********
2020-01-26 12:02:27,277 [main] INFO SDET - ********Started Login********
2020-01-26 12:02:32,404 [main] INFO SDET - ********Login Passed********
2020-01-26 12:02:32,405 [main] INFO SDET - ********Click on LogOut********
2020-01-26 12:02:36,794 [main] INFO SDET - ********Login Passed********
2020-01-26 12:02:36,795 [main] INFO SDET - ********Close the Browser********
2020-01-26 12:02:39,116 [main] INFO SDET - ********Lunching Browser********
2020-01-26 12:02:39,120 [main] INFO SDET - ********Opening URL********
2020-01-26 12:02:41,194 [main] INFO SDET - ********Providing Login Details********
2020-01-26 12:02:41,414 [main] INFO SDET - ********Started Login********
2020-01-26 12:33:43,412 [main] INFO SDET - ********Lunching Browser********
2020-01-26 12:33:43,441 [main] INFO SDET - ********Opening URL********
2020-01-26 12:33:46,409 [main] INFO SDET - ********Providing Login Details********
2020-01-26 12:33:46,679 [main] INFO SDET - ********Started Login********
2020-01-26 12:33:51,777 [main] INFO SDET - ********Dashboard********
2020-01-26 12:33:59,114 [main] INFO SDET - ********Adding new Customer********
2020-01-26 12:34:03,268 [main] INFO SDET - ********Adding new Customer********
2020-01-26 12:34:06,285 [main] INFO SDET - ********Providing new Customer details********
2020-01-26 12:34:16,413 [main] INFO SDET - ********Saving new Customer********
2020-01-26 12:34:21,961 [main] INFO SDET - ********Close the Browser********
2020-01-26 12:34:26,885 [main] INFO SDET - ********Lunching Browser********
2020-01-26 12:34:26,890 [main] INFO SDET - ********Opening URL********
2020-01-26 12:34:29,135 [main] INFO SDET - ********Providing Login Details********
2020-01-26 12:34:29,356 [main] INFO SDET - ********Started Login********
2020-01-26 12:34:34,487 [main] INFO SDET - ********Dashboard********
2020-01-26 12:34:42,772 [main] INFO SDET - ********Entering Customer email********
2020-01-26 12:34:49,238 [main] INFO SDET - ********Close the Browser********
2020-01-26 12:34:53,736 [main] INFO SDET - ********Lunching Browser********
2020-01-26 12:34:53,743 [main] INFO SDET - ********Opening URL********
2020-01-26 12:34:55,937 [main] INFO SDET - ********Providing Login Details********
2020-01-26 12:34:56,195 [main] INFO SDET - ********Started Login********
2020-01-26 12:35:02,063 [main] INFO SDET - ********Dashboard********
2020-01-26 12:35:10,120 [main] INFO SDET - ********Entering new Customer first Name********
2020-01-26 12:35:10,246 [main] INFO SDET - ********Entering new Customer last Name********
2020-01-26 12:35:13,726 [main] INFO SDET - ********Close the Browser********
2020-01-26 12:35:18,383 [main] INFO SDET - ********Lunching Browser********
2020-01-26 12:35:18,388 [main] INFO SDET - ********Opening URL********
2020-01-26 12:35:21,563 [main] INFO SDET - ********Providing Login Details********
2020-01-26 12:35:21,898 [main] INFO SDET - ********Started Login********
2020-01-26 12:35:26,032 [main] INFO SDET - ********Login Passed********
2020-01-26 12:35:26,032 [main] INFO SDET - ********Click on LogOut********
2020-01-26 12:35:31,891 [main] INFO SDET - ********Login Passed********
2020-01-26 12:35:31,892 [main] INFO SDET - ********Close the Browser********
2020-01-26 12:35:36,442 [main] INFO SDET - ********Lunching Browser********
2020-01-26 12:35:36,443 [main] INFO SDET - ********Opening URL********
2020-01-26 12:35:38,639 [main] INFO SDET - ********Providing Login Details********
2020-01-26 12:35:38,854 [main] INFO SDET - ********Started Login********
2020-01-26 12:35:45,533 [main] INFO SDET - ********Login Passed********
2020-01-26 12:35:45,535 [main] INFO SDET - ********Click on LogOut********
2020-01-26 12:35:51,436 [main] INFO SDET - ********Login Passed********
2020-01-26 12:35:51,437 [main] INFO SDET - ********Close the Browser********
2020-01-26 12:35:55,858 [main] INFO SDET - ********Lunching Browser********
2020-01-26 12:35:55,859 [main] INFO SDET - ********Opening URL********
2020-01-26 12:35:57,871 [main] INFO SDET - ********Providing Login Details********
2020-01-26 12:35:58,099 [main] INFO SDET - ********Started Login********
2020-01-26 12:38:01,927 [main] INFO SDET - ********Lunching Browser********
2020-01-26 12:38:01,959 [main] INFO SDET - ********Opening URL********
2020-01-26 12:38:03,987 [main] INFO SDET - ********Providing Login Details********
2020-01-26 12:38:04,192 [main] INFO SDET - ********Started Login********
2020-01-26 12:38:09,438 [main] INFO SDET - ********Dashboard********
2020-01-26 12:38:16,764 [main] INFO SDET - ********Adding new Customer********
2020-01-26 12:38:21,751 [main] INFO SDET - ********Adding new Customer********
2020-01-26 12:38:24,771 [main] INFO SDET - ********Providing new Customer details********
2020-01-26 12:38:34,850 [main] INFO SDET - ********Saving new Customer********
2020-01-26 12:38:40,366 [main] INFO SDET - ********Close the Browser********
2020-01-26 12:39:32,947 [main] INFO SDET - ********Lunching Browser********
2020-01-26 12:39:32,975 [main] INFO SDET - ********Opening URL********
2020-01-26 12:39:35,602 [main] INFO SDET - ********Providing Login Details********
2020-01-26 12:39:35,806 [main] INFO SDET - ********Started Login********
2020-01-26 12:39:40,717 [main] INFO SDET - ********Dashboard********
2020-01-26 12:43:24,423 [main] INFO SDET - ********Lunching Browser********
2020-01-26 12:43:24,454 [main] INFO SDET - ********Opening URL********
2020-01-26 12:43:24,485 [main] INFO SDET - ********Lunching Browser********
2020-01-26 12:43:24,485 [main] INFO SDET - ********Opening URL********
2020-01-26 12:43:24,501 [main] INFO SDET - ********Lunching Browser********
2020-01-26 12:43:24,501 [main] INFO SDET - ********Opening URL********
2020-01-26 12:44:09,498 [main] INFO SDET - ********Lunching Browser********
2020-01-26 12:44:09,513 [main] INFO SDET - ********Opening URL********
2020-01-26 12:44:09,545 [main] INFO SDET - ********Lunching Browser********
2020-01-26 12:44:09,545 [main] INFO SDET - ********Opening URL********
2020-01-26 12:44:09,545 [main] INFO SDET - ********Lunching Browser********
2020-01-26 12:44:09,560 [main] INFO SDET - ********Opening URL********
2020-01-26 12:44:45,798 [main] INFO SDET - ********Lunching Browser********
2020-01-26 12:44:45,822 [main] INFO SDET - ********Opening URL********
2020-01-26 12:44:48,271 [main] INFO SDET - ********Providing Login Details********
2020-01-26 12:44:48,486 [main] INFO SDET - ********Started Login********
2020-01-26 12:46:02,570 [main] INFO SDET - ********Lunching Browser********
2020-01-26 12:46:02,620 [main] INFO SDET - ********Opening URL********
2020-01-26 12:46:02,886 [main] INFO SDET - ********Providing Login Details********
2020-01-26 12:46:04,987 [main] INFO SDET - ********Lunching Browser********
2020-01-26 12:46:04,988 [main] INFO SDET - ********Opening URL********
2020-01-26 12:46:05,082 [main] INFO SDET - ********Providing Login Details********
2020-01-26 12:46:06,848 [main] INFO SDET - ********Lunching Browser********
2020-01-26 12:46:06,851 [main] INFO SDET - ********Opening URL********
2020-01-26 12:46:06,960 [main] INFO SDET - ********Providing Login Details********
2020-01-26 12:47:47,352 [main] INFO SDET - ********Lunching Browser********
2020-01-26 12:47:47,378 [main] INFO SDET - ********Opening URL********
2020-01-26 12:47:47,487 [main] INFO SDET - ********Providing Login Details********
2020-01-26 12:47:49,298 [main] INFO SDET - ********Lunching Browser********
2020-01-26 12:47:49,299 [main] INFO SDET - ********Opening URL********
2020-01-26 12:47:49,402 [main] INFO SDET - ********Providing Login Details********
2020-01-26 12:47:51,164 [main] INFO SDET - ********Lunching Browser********
2020-01-26 12:47:51,165 [main] INFO SDET - ********Opening URL********
2020-01-26 12:47:51,254 [main] INFO SDET - ********Providing Login Details********
2020-01-26 12:49:18,491 [main] INFO SDET - ********Lunching Browser********
2020-01-26 12:49:18,521 [main] INFO SDET - ********Opening URL********
2020-01-26 12:49:18,662 [main] INFO SDET - ********Providing Login Details********
2020-01-26 12:49:20,548 [main] INFO SDET - ********Lunching Browser********
2020-01-26 12:49:20,549 [main] INFO SDET - ********Opening URL********
2020-01-26 12:49:20,738 [main] INFO SDET - ********Providing Login Details********
2020-01-26 12:49:22,661 [main] INFO SDET - ********Lunching Browser********
2020-01-26 12:49:22,663 [main] INFO SDET - ********Opening URL********
2020-01-26 12:49:22,758 [main] INFO SDET - ********Providing Login Details********
2020-01-26 13:02:40,053 [main] INFO SDET - ********Lunching Browser********
2020-01-26 13:02:40,083 [main] INFO SDET - ********Opening URL********
2020-01-26 13:02:42,458 [main] INFO SDET - ********Providing Login Details********
2020-01-26 13:02:42,684 [main] INFO SDET - ********Started Login********
2020-01-26 13:02:48,766 [main] INFO SDET - ********Dashboard********
2020-01-26 13:02:56,172 [main] INFO SDET - ********Adding new Customer********
2020-01-26 13:03:00,252 [main] INFO SDET - ********Adding new Customer********
2020-01-26 13:03:03,269 [main] INFO SDET - ********Providing new Customer details********
2020-01-26 13:03:13,421 [main] INFO SDET - ********Saving new Customer********
2020-01-26 13:03:18,123 [main] INFO SDET - ********Close the Browser********
2020-01-26 13:03:20,499 [main] INFO SDET - ********Lunching Browser********
2020-01-26 13:03:20,502 [main] INFO SDET - ********Opening URL********
2020-01-26 13:03:22,719 [main] INFO SDET - ********Providing Login Details********
2020-01-26 13:03:22,933 [main] INFO SDET - ********Started Login********
2020-01-26 13:03:28,750 [main] INFO SDET - ********Login Passed********
2020-01-26 13:03:28,751 [main] INFO SDET - ********Click on LogOut********
2020-01-26 13:03:33,239 [main] INFO SDET - ********Login Passed********
2020-01-26 13:03:33,240 [main] INFO SDET - ********Close the Browser********
2020-01-26 13:10:15,370 [main] INFO SDET - ********Lunching Browser********
2020-01-26 13:10:15,399 [main] INFO SDET - ********Opening URL********
2020-01-26 13:10:18,061 [main] INFO SDET - ********Providing Login Details********
2020-01-26 13:10:18,285 [main] INFO SDET - ********Started Login********
2020-01-26 13:10:23,259 [main] INFO SDET - ********Dashboard********
2020-01-26 13:10:30,551 [main] INFO SDET - ********Adding new Customer********
2020-01-26 13:10:34,707 [main] INFO SDET - ********Adding new Customer********
2020-01-26 13:10:37,724 [main] INFO SDET - ********Providing new Customer details********
2020-01-26 13:10:47,874 [main] INFO SDET - ********Saving new Customer********
2020-01-26 13:10:52,714 [main] INFO SDET - ********Close the Browser********
2020-01-26 13:10:55,086 [main] INFO SDET - ********Lunching Browser********
2020-01-26 13:10:55,090 [main] INFO SDET - ********Opening URL********
2020-01-26 13:10:57,254 [main] INFO SDET - ********Providing Login Details********
2020-01-26 13:10:57,467 [main] INFO SDET - ********Started Login********
2020-01-26 13:11:01,931 [main] INFO SDET - ********Login Passed********
2020-01-26 13:11:01,932 [main] INFO SDET - ********Click on LogOut********
2020-01-26 13:11:06,416 [main] INFO SDET - ********Login Passed********
2020-01-26 13:11:06,417 [main] INFO SDET - ********Close the Browser********
2020-01-26 13:17:39,792 [main] INFO nopComemrce - ******** Launching browser*********
2020-01-26 13:17:39,820 [main] INFO nopComemrce - ********Opening URL********
2020-01-26 13:18:16,756 [main] INFO nopComemrce - ********Providing Login Details********
2020-01-26 13:18:17,001 [main] INFO nopComemrce - ********Started Login********
2020-01-26 13:18:35,932 [main] INFO nopComemrce - ********Dashboard********
2020-01-26 13:18:44,526 [main] INFO nopComemrce - ********Adding new Customer********
2020-01-26 13:18:52,616 [main] INFO nopComemrce - ********Adding new Customer********
2020-01-26 13:18:55,634 [main] INFO nopComemrce - ********Providing new Customer details********
2020-01-26 13:19:05,769 [main] INFO nopComemrce - ********Saving new Customer********
2020-01-26 13:19:10,898 [main] INFO nopComemrce - ********Close the Browser********
2020-01-26 13:19:13,361 [main] INFO nopComemrce - ******** Launching browser*********
2020-01-26 13:19:13,369 [main] INFO nopComemrce - ********Opening URL********
2020-01-26 13:19:16,388 [main] INFO nopComemrce - ********Providing Login Details********
2020-01-26 13:19:16,598 [main] INFO nopComemrce - ********Started Login********
2020-01-26 13:19:36,461 [main] INFO nopComemrce - ********Login Passed********
2020-01-26 13:19:36,462 [main] INFO nopComemrce - ********Click on LogOut********
2020-01-26 13:19:41,157 [main] INFO nopComemrce - ********Login Passed********
2020-01-26 13:19:41,158 [main] INFO nopComemrce - ********Close the Browser********
2020-01-26 17:37:40,081 [main] INFO nopComemrce - ******** Launching browser*********
2020-01-26 17:37:40,311 [main] INFO nopComemrce - ********Opening URL********
2020-01-26 17:37:43,452 [main] INFO nopComemrce - ********Providing Login Details********
2020-01-26 17:37:44,185 [main] INFO nopComemrce - ********Started Login********
2020-01-26 17:37:50,060 [main] INFO nopComemrce - ********Dashboard********
2020-01-26 17:37:57,759 [main] INFO nopComemrce - ********Adding new Customer********
2020-01-26 17:38:02,580 [main] INFO nopComemrce - ********Adding new Customer********
2020-01-26 17:38:05,591 [main] INFO nopComemrce - ********Providing new Customer details********
2020-01-26 17:38:16,915 [main] INFO nopComemrce - ********Saving new Customer********
2020-01-26 17:38:22,472 [main] INFO nopComemrce - ********Close the Browser********
2020-01-26 17:38:25,397 [main] INFO nopComemrce - ******** Launching browser*********
2020-01-26 17:38:25,404 [main] INFO nopComemrce - ********Opening URL********
2020-01-26 17:38:27,623 [main] INFO nopComemrce - ********Providing Login Details********
2020-01-26 17:38:28,234 [main] INFO nopComemrce - ********Started Login********
2020-01-26 17:38:35,748 [main] INFO nopComemrce - ********Login Passed********
2020-01-26 17:38:35,749 [main] INFO nopComemrce - ********Click on LogOut********
2020-01-26 17:38:40,413 [main] INFO nopComemrce - ********Login Passed********
2020-01-26 17:38:40,415 [main] INFO nopComemrce - ********Close the Browser********
2020-01-26 17:47:43,049 [main] INFO nopComemrce - ******** Launching browser*********
2020-01-26 17:47:43,106 [main] INFO nopComemrce - ********Opening URL********
2020-01-26 17:48:22,273 [main] INFO nopComemrce - ********Providing Login Details********
2020-01-26 17:48:22,626 [main] INFO nopComemrce - ********Started Login********
2020-01-26 17:48:36,997 [main] INFO nopComemrce - ********Dashboard********
2020-01-26 17:48:45,736 [main] INFO nopComemrce - ********Adding new Customer********
2020-01-26 17:48:53,446 [main] INFO nopComemrce - ********Adding new Customer********
2020-01-26 17:48:56,474 [main] INFO nopComemrce - ********Providing new Customer details********
2020-01-26 17:49:07,408 [main] INFO nopComemrce - ********Saving new Customer********
2020-01-26 17:49:13,411 [main] INFO nopComemrce - ********Close the Browser********
2020-01-26 17:49:15,990 [main] INFO nopComemrce - ******** Launching browser*********
2020-01-26 17:49:15,997 [main] INFO nopComemrce - ********Opening URL********
2020-01-26 17:49:18,248 [main] INFO nopComemrce - ********Providing Login Details********
2020-01-26 17:49:18,853 [main] INFO nopComemrce - ********Started Login********
2020-01-26 17:49:23,414 [main] INFO nopComemrce - ********Login Passed********
2020-01-26 17:49:23,414 [main] INFO nopComemrce - ********Click on LogOut********
2020-01-26 17:49:29,435 [main] INFO nopComemrce - ********Login Passed********
2020-01-26 17:49:29,435 [main] INFO nopComemrce - ********Close the Browser********
2020-01-26 18:08:21,721 [main] INFO nopComemrce - ******** Launching browser*********
2020-01-26 18:08:21,769 [main] INFO nopComemrce - ********Opening URL********
2020-01-26 18:08:24,363 [main] INFO nopComemrce - ********Providing Login Details********
2020-01-26 18:08:24,832 [main] INFO nopComemrce - ********Started Login********
2020-01-26 18:08:30,407 [main] INFO nopComemrce - ********Dashboard********
2020-01-26 18:08:38,501 [main] INFO nopComemrce - ********Adding new Customer********
2020-01-26 18:08:42,932 [main] INFO nopComemrce - ********Adding new Customer********
2020-01-26 18:08:45,960 [main] INFO nopComemrce - ********Providing new Customer details********
2020-01-26 18:08:57,223 [main] INFO nopComemrce - ********Saving new Customer********
2020-01-26 18:09:02,299 [main] INFO nopComemrce - ********Close the Browser********
2020-01-26 18:09:04,667 [main] INFO nopComemrce - ******** Launching browser*********
2020-01-26 18:09:04,683 [main] INFO nopComemrce - ********Opening URL********
2020-01-26 18:09:06,888 [main] INFO nopComemrce - ********Providing Login Details********
2020-01-26 18:09:07,229 [main] INFO nopComemrce - ********Started Login********
2020-01-26 18:09:13,187 [main] INFO nopComemrce - ********Login Passed********
2020-01-26 18:09:13,189 [main] INFO nopComemrce - ********Click on LogOut********
2020-01-26 18:09:17,809 [main] INFO nopComemrce - ********Login Passed********
2020-01-26 18:09:17,811 [main] INFO nopComemrce - ********Close the Browser********
